<?xml version="1.0" encoding="UTF-8"?>
<!-- Generated by org.testng.reporters.JUnitReportReporter -->
<testsuite hostname="DESKTOP-LHIKNTO" failures="0" tests="4" name="api.tests.UserTest" time="7.033" errors="0" timestamp="2024-02-28T11:57:44 CST" skipped="0">
  <testcase classname="api.tests.UserTest" name="testPostUser" time="5.615"/>
  <testcase classname="api.tests.UserTest" name="testGetUserByName" time="0.431"/>
  <testcase classname="api.tests.UserTest" name="testUpdateUserByName" time="0.699"/>
  <testcase classname="api.tests.UserTest" name="testDeleteUserByName" time="0.288"/>
</testsuite> <!-- api.tests.UserTest -->
